2023/03/30 14:35:54.026232 simulation.go:140: StartSim(2s)
2023/03/30 14:35:54.026281 simulation.go:142: Init(EchoServer)
2023/03/30 14:35:54.026323 node.go:66: Init(EchoServer.PingServer)
2023/03/30 14:35:54.026369 simulation.go:142: Init(EchoClient)
2023/03/30 14:35:54.026403 node.go:197: SetTimer(EchoClient, EchoTimer, 500ms)
2023/03/30 14:35:54.026412 node.go:66: Init(EchoClient.PingClient)
2023/03/30 14:35:54.026435 node.go:197: SetTimer(EchoClient.PingClient, PingTimer, 200ms)
2023/03/30 14:35:54.227280 node.go:102: HandleTimer(EchoClient.PingClient, PingTimer, 200ms)
2023/03/30 14:35:54.227497 node.go:167: SendMessage(EchoClient.PingClient -> EchoServer.PingServer, Ping)
2023/03/30 14:35:54.227634 node.go:197: SetTimer(EchoClient.PingClient, PingTimer, 200ms)
2023/03/30 14:35:54.263406 node.go:81: HandleMessage(EchoClient.PingClient -> EchoServer.PingServer, Ping)
2023/03/30 14:35:54.263623 node.go:167: SendMessage(EchoServer.PingServer -> EchoClient.PingClient, Pong)
2023/03/30 14:35:54.360539 node.go:81: HandleMessage(EchoServer.PingServer -> EchoClient.PingClient, Pong)
2023/03/30 14:35:54.428195 node.go:102: HandleTimer(EchoClient.PingClient, PingTimer, 200ms)
2023/03/30 14:35:54.428426 node.go:167: SendMessage(EchoClient.PingClient -> EchoServer.PingServer, Ping)
2023/03/30 14:35:54.428590 node.go:197: SetTimer(EchoClient.PingClient, PingTimer, 200ms)
2023/03/30 14:35:54.510631 node.go:81: HandleMessage(EchoClient.PingClient -> EchoServer.PingServer, Ping)
2023/03/30 14:35:54.510855 node.go:167: SendMessage(EchoServer.PingServer -> EchoClient.PingClient, Pong)
2023/03/30 14:35:54.527334 simulation.go:118: HandleTimer(EchoClient, EchoTimer, 500ms)
2023/03/30 14:35:54.527565 node.go:167: SendMessage(EchoClient -> EchoServer, Echo)
2023/03/30 14:35:54.527723 node.go:197: SetTimer(EchoClient, EchoTimer, 500ms)
2023/03/30 14:35:54.598270 node.go:81: HandleMessage(EchoServer.PingServer -> EchoClient.PingClient, Pong)
2023/03/30 14:35:54.605886 simulation.go:105: HandleMessage(EchoClient -> EchoServer, Echo)
2023/03/30 14:35:54.606630 node.go:167: SendMessage(EchoServer -> EchoClient, Echo)
2023/03/30 14:35:54.629377 node.go:102: HandleTimer(EchoClient.PingClient, PingTimer, 200ms)
2023/03/30 14:35:54.629433 node.go:167: SendMessage(EchoClient.PingClient -> EchoServer.PingServer, Ping)
2023/03/30 14:35:54.629470 node.go:197: SetTimer(EchoClient.PingClient, PingTimer, 200ms)
2023/03/30 14:35:54.687695 simulation.go:105: HandleMessage(EchoServer -> EchoClient, Echo)
2023/03/30 14:35:54.699020 node.go:81: HandleMessage(EchoClient.PingClient -> EchoServer.PingServer, Ping)
2023/03/30 14:35:54.699114 node.go:167: SendMessage(EchoServer.PingServer -> EchoClient.PingClient, Pong)
2023/03/30 14:35:54.795477 node.go:81: HandleMessage(EchoServer.PingServer -> EchoClient.PingClient, Pong)
2023/03/30 14:35:54.829984 node.go:102: HandleTimer(EchoClient.PingClient, PingTimer, 200ms)
2023/03/30 14:35:54.830064 node.go:167: SendMessage(EchoClient.PingClient -> EchoServer.PingServer, Ping)
2023/03/30 14:35:54.830122 node.go:197: SetTimer(EchoClient.PingClient, PingTimer, 200ms)
2023/03/30 14:35:54.859953 node.go:81: HandleMessage(EchoClient.PingClient -> EchoServer.PingServer, Ping)
2023/03/30 14:35:54.860147 node.go:167: SendMessage(EchoServer.PingServer -> EchoClient.PingClient, Pong)
2023/03/30 14:35:54.912431 node.go:81: HandleMessage(EchoServer.PingServer -> EchoClient.PingClient, Pong)
2023/03/30 14:35:55.028433 simulation.go:118: HandleTimer(EchoClient, EchoTimer, 500ms)
2023/03/30 14:35:55.028656 node.go:167: SendMessage(EchoClient -> EchoServer, Echo)
2023/03/30 14:35:55.028874 node.go:197: SetTimer(EchoClient, EchoTimer, 500ms)
2023/03/30 14:35:55.031138 node.go:102: HandleTimer(EchoClient.PingClient, PingTimer, 200ms)
2023/03/30 14:35:55.031224 node.go:167: SendMessage(EchoClient.PingClient -> EchoServer.PingServer, Ping)
2023/03/30 14:35:55.031370 node.go:197: SetTimer(EchoClient.PingClient, PingTimer, 200ms)
2023/03/30 14:35:55.045571 node.go:81: HandleMessage(EchoClient.PingClient -> EchoServer.PingServer, Ping)
2023/03/30 14:35:55.045762 node.go:167: SendMessage(EchoServer.PingServer -> EchoClient.PingClient, Pong)
2023/03/30 14:35:55.083894 node.go:81: HandleMessage(EchoServer.PingServer -> EchoClient.PingClient, Pong)
2023/03/30 14:35:55.112625 simulation.go:105: HandleMessage(EchoClient -> EchoServer, Echo)
2023/03/30 14:35:55.112822 node.go:167: SendMessage(EchoServer -> EchoClient, Echo)
2023/03/30 14:35:55.184977 simulation.go:105: HandleMessage(EchoServer -> EchoClient, Echo)
2023/03/30 14:35:55.231716 node.go:102: HandleTimer(EchoClient.PingClient, PingTimer, 200ms)
2023/03/30 14:35:55.231931 node.go:167: SendMessage(EchoClient.PingClient -> EchoServer.PingServer, Ping)
2023/03/30 14:35:55.232349 node.go:197: SetTimer(EchoClient.PingClient, PingTimer, 200ms)
2023/03/30 14:35:55.280353 node.go:81: HandleMessage(EchoClient.PingClient -> EchoServer.PingServer, Ping)
2023/03/30 14:35:55.280587 node.go:167: SendMessage(EchoServer.PingServer -> EchoClient.PingClient, Pong)
2023/03/30 14:35:55.342250 node.go:81: HandleMessage(EchoServer.PingServer -> EchoClient.PingClient, Pong)
2023/03/30 14:35:55.433139 node.go:102: HandleTimer(EchoClient.PingClient, PingTimer, 200ms)
2023/03/30 14:35:55.433292 node.go:167: SendMessage(EchoClient.PingClient -> EchoServer.PingServer, Ping)
2023/03/30 14:35:55.433435 node.go:197: SetTimer(EchoClient.PingClient, PingTimer, 200ms)
2023/03/30 14:35:55.530060 simulation.go:118: HandleTimer(EchoClient, EchoTimer, 500ms)
2023/03/30 14:35:55.530231 node.go:81: HandleMessage(EchoClient.PingClient -> EchoServer.PingServer, Ping)
2023/03/30 14:35:55.530315 node.go:167: SendMessage(EchoServer.PingServer -> EchoClient.PingClient, Pong)
2023/03/30 14:35:55.530259 node.go:167: SendMessage(EchoClient -> EchoServer, Echo)
2023/03/30 14:35:55.530397 node.go:197: SetTimer(EchoClient, EchoTimer, 500ms)
2023/03/30 14:35:55.569056 simulation.go:105: HandleMessage(EchoClient -> EchoServer, Echo)
2023/03/30 14:35:55.569251 node.go:167: SendMessage(EchoServer -> EchoClient, Echo)
2023/03/30 14:35:55.586160 node.go:81: HandleMessage(EchoServer.PingServer -> EchoClient.PingClient, Pong)
2023/03/30 14:35:55.634168 node.go:102: HandleTimer(EchoClient.PingClient, PingTimer, 200ms)
2023/03/30 14:35:55.634407 node.go:167: SendMessage(EchoClient.PingClient -> EchoServer.PingServer, Ping)
2023/03/30 14:35:55.634566 node.go:197: SetTimer(EchoClient.PingClient, PingTimer, 200ms)
2023/03/30 14:35:55.654071 simulation.go:105: HandleMessage(EchoServer -> EchoClient, Echo)
2023/03/30 14:35:55.682662 node.go:81: HandleMessage(EchoClient.PingClient -> EchoServer.PingServer, Ping)
2023/03/30 14:35:55.682862 node.go:167: SendMessage(EchoServer.PingServer -> EchoClient.PingClient, Pong)
2023/03/30 14:35:55.782084 node.go:81: HandleMessage(EchoServer.PingServer -> EchoClient.PingClient, Pong)
2023/03/30 14:35:55.835931 node.go:102: HandleTimer(EchoClient.PingClient, PingTimer, 200ms)
2023/03/30 14:35:55.836247 node.go:167: SendMessage(EchoClient.PingClient -> EchoServer.PingServer, Ping)
2023/03/30 14:35:55.836403 node.go:197: SetTimer(EchoClient.PingClient, PingTimer, 200ms)
2023/03/30 14:35:55.919322 node.go:81: HandleMessage(EchoClient.PingClient -> EchoServer.PingServer, Ping)
2023/03/30 14:35:55.919558 node.go:167: SendMessage(EchoServer.PingServer -> EchoClient.PingClient, Pong)
2023/03/30 14:35:55.987740 node.go:81: HandleMessage(EchoServer.PingServer -> EchoClient.PingClient, Pong)
2023/03/30 14:35:56.026551 simulation.go:149: StopSim()
2023/03/30 14:35:56.031701 simulation.go:118: HandleTimer(EchoClient, EchoTimer, 500ms)
2023/03/30 14:35:56.031862 node.go:163: StopSim.SendMessage(EchoClient -> EchoServer, Echo)
2023/03/30 14:35:56.031904 node.go:193: StopSim.SetTimer(EchoClient, EchoTimer, 500ms)
2023/03/30 14:35:56.037511 node.go:102: HandleTimer(EchoClient.PingClient, PingTimer, 200ms)
2023/03/30 14:35:56.037677 node.go:163: StopSim.SendMessage(EchoClient.PingClient -> EchoServer.PingServer, Ping)
2023/03/30 14:35:56.037720 node.go:193: StopSim.SetTimer(EchoClient.PingClient, PingTimer, 200ms)
2023/03/30 14:35:56.037887 simulation.go:194: EndSim()
